# JRE version: Java(TM) SE Runtime Environment (8.0_144-b01) (build 1.8.0_144-b01)
# Java VM: Java HotSpot(TM) 64-Bit Server VM (25.144-b01 mixed mode windows-amd64 compressed oops)
Heap:
 PSYoungGen      total 86528K, used 16757K [0x00000000eab00000, 0x00000000f3600000, 0x0000000100000000)
  eden space 77312K, 12% used [0x00000000eab00000,0x00000000eb4ca1c0,0x00000000ef680000)
  from space 9216K, 73% used [0x00000000ef680000,0x00000000efd13518,0x00000000eff80000)
  to   space 9216K, 0% used [0x00000000f2d00000,0x00000000f2d00000,0x00000000f3600000)
 ParOldGen       total 44032K, used 34446K [0x00000000c0000000, 0x00000000c2b00000, 0x00000000eab00000)
  object space 44032K, 78% used [0x00000000c0000000,0x00000000c21a3af0,0x00000000c2b00000)
 Metaspace       used 18123K, capacity 18656K, committed 18944K, reserved 1067008K
  class space    used 2060K, capacity 2225K, committed 2304K, reserved 1048576K
GC Heap History (10 events):
Event: 4.580 GC heap before
{Heap before GC invocations=9 (full 0):
 PSYoungGen      total 37376K, used 37376K [0x00000000eab00000, 0x00000000edb00000, 0x0000000100000000)
  eden space 30208K, 100% used [0x00000000eab00000,0x00000000ec880000,0x00000000ec880000)
  from space 7168K, 100% used [0x00000000ed100000,0x00000000ed800000,0x00000000ed800000)
  to   space 8704K, 0% used [0x00000000ec880000,0x00000000ec880000,0x00000000ed100000)
 ParOldGen       total 44032K, used 9201K [0x00000000c0000000, 0x00000000c2b00000, 0x00000000eab00000)
  object space 44032K, 20% used [0x00000000c0000000,0x00000000c08fc7a8,0x00000000c2b00000)
 Metaspace       used 15364K, capacity 15598K, committed 15872K, reserved 1062912K
  class space    used 1843K, capacity 1941K, committed 2048K, reserved 1048576K
Event: 4.628 GC heap after
Heap after GC invocations=9 (full 0):
 PSYoungGen      total 38912K, used 8048K [0x00000000eab00000, 0x00000000eec80000, 0x0000000100000000)
  eden space 30208K, 0% used [0x00000000eab00000,0x00000000eab00000,0x00000000ec880000)
  from space 8704K, 92% used [0x00000000ec880000,0x00000000ed05c048,0x00000000ed100000)
  to   space 9216K, 0% used [0x00000000ee380000,0x00000000ee380000,0x00000000eec80000)
 ParOldGen       total 44032K, used 12469K [0x00000000c0000000, 0x00000000c2b00000, 0x00000000eab00000)
  object space 44032K, 28% used [0x00000000c0000000,0x00000000c0c2d7b8,0x00000000c2b00000)
 Metaspace       used 15364K, capacity 15598K, committed 15872K, reserved 1062912K
  class space    used 1843K, capacity 1941K, committed 2048K, reserved 1048576K
}
Event: 5.521 GC heap before
{Heap before GC invocations=10 (full 0):
 PSYoungGen      total 38912K, used 38256K [0x00000000eab00000, 0x00000000eec80000, 0x0000000100000000)
  eden space 30208K, 100% used [0x00000000eab00000,0x00000000ec880000,0x00000000ec880000)
  from space 8704K, 92% used [0x00000000ec880000,0x00000000ed05c048,0x00000000ed100000)
  to   space 9216K, 0% used [0x00000000ee380000,0x00000000ee380000,0x00000000eec80000)
 ParOldGen       total 44032K, used 12469K [0x00000000c0000000, 0x00000000c2b00000, 0x00000000eab00000)
  object space 44032K, 28% used [0x00000000c0000000,0x00000000c0c2d7b8,0x00000000c2b00000)
 Metaspace       used 15494K, capacity 15738K, committed 16128K, reserved 1062912K
  class space    used 1846K, capacity 1943K, committed 2048K, reserved 1048576K
Event: 5.535 GC heap after
Heap after GC invocations=10 (full 0):
 PSYoungGen      total 57344K, used 6976K [0x00000000eab00000, 0x00000000eed80000, 0x0000000100000000)
  eden space 48128K, 0% used [0x00000000eab00000,0x00000000eab00000,0x00000000eda00000)
  from space 9216K, 75% used [0x00000000ee380000,0x00000000eea50000,0x00000000eec80000)
  to   space 9728K, 0% used [0x00000000eda00000,0x00000000eda00000,0x00000000ee380000)
 ParOldGen       total 44032K, used 16395K [0x00000000c0000000, 0x00000000c2b00000, 0x00000000eab00000)
  object space 44032K, 37% used [0x00000000c0000000,0x00000000c1002d90,0x00000000c2b00000)
 Metaspace       used 15494K, capacity 15738K, committed 16128K, reserved 1062912K
  class space    used 1846K, capacity 1943K, committed 2048K, reserved 1048576K
}
Event: 6.391 GC heap before
{Heap before GC invocations=11 (full 0):
 PSYoungGen      total 57344K, used 55104K [0x00000000eab00000, 0x00000000eed80000, 0x0000000100000000)
  eden space 48128K, 100% used [0x00000000eab00000,0x00000000eda00000,0x00000000eda00000)
  from space 9216K, 75% used [0x00000000ee380000,0x00000000eea50000,0x00000000eec80000)
  to   space 9728K, 0% used [0x00000000eda00000,0x00000000eda00000,0x00000000ee380000)
 ParOldGen       total 44032K, used 16395K [0x00000000c0000000, 0x00000000c2b00000, 0x00000000eab00000)
  object space 44032K, 37% used [0x00000000c0000000,0x00000000c1002d90,0x00000000c2b00000)
 Metaspace       used 15781K, capacity 16024K, committed 16384K, reserved 1062912K
  class space    used 1851K, capacity 1948K, committed 2048K, reserved 1048576K
Event: 6.407 GC heap after
Heap after GC invocations=11 (full 0):
 PSYoungGen      total 57856K, used 6464K [0x00000000eab00000, 0x00000000f0980000, 0x0000000100000000)
  eden space 48128K, 0% used [0x00000000eab00000,0x00000000eab00000,0x00000000eda00000)
  from space 9728K, 66% used [0x00000000eda00000,0x00000000ee050000,0x00000000ee380000)
  to   space 9728K, 0% used [0x00000000f0000000,0x00000000f0000000,0x00000000f0980000)
 ParOldGen       total 44032K, used 23182K [0x00000000c0000000, 0x00000000c2b00000, 0x00000000eab00000)
  object space 44032K, 52% used [0x00000000c0000000,0x00000000c16a3820,0x00000000c2b00000)
 Metaspace       used 15781K, capacity 16024K, committed 16384K, reserved 1062912K
  class space    used 1851K, capacity 1948K, committed 2048K, reserved 1048576K
}
Event: 7.559 GC heap before
{Heap before GC invocations=12 (full 0):
 PSYoungGen      total 57856K, used 54592K [0x00000000eab00000, 0x00000000f0980000, 0x0000000100000000)
  eden space 48128K, 100% used [0x00000000eab00000,0x00000000eda00000,0x00000000eda00000)
  from space 9728K, 66% used [0x00000000eda00000,0x00000000ee050000,0x00000000ee380000)
  to   space 9728K, 0% used [0x00000000f0000000,0x00000000f0000000,0x00000000f0980000)
 ParOldGen       total 44032K, used 23182K [0x00000000c0000000, 0x00000000c2b00000, 0x00000000eab00000)
  object space 44032K, 52% used [0x00000000c0000000,0x00000000c16a3820,0x00000000c2b00000)
 Metaspace       used 16011K, capacity 16216K, committed 16384K, reserved 1062912K
  class space    used 1852K, capacity 1948K, committed 2048K, reserved 1048576K
Event: 7.573 GC heap after
Heap after GC invocations=12 (full 0):
 PSYoungGen      total 86016K, used 5696K [0x00000000eab00000, 0x00000000f0880000, 0x0000000100000000)
  eden space 77312K, 0% used [0x00000000eab00000,0x00000000eab00000,0x00000000ef680000)
  from space 8704K, 65% used [0x00000000f0000000,0x00000000f0590000,0x00000000f0880000)
  to   space 9216K, 0% used [0x00000000ef680000,0x00000000ef680000,0x00000000eff80000)
 ParOldGen       total 44032K, used 29307K [0x00000000c0000000, 0x00000000c2b00000, 0x00000000eab00000)
  object space 44032K, 66% used [0x00000000c0000000,0x00000000c1c9ece8,0x00000000c2b00000)
 Metaspace       used 16011K, capacity 16216K, committed 16384K, reserved 1062912K
  class space    used 1852K, capacity 1948K, committed 2048K, reserved 1048576K
}
Event: 10.415 GC heap before
{Heap before GC invocations=13 (full 0):
 PSYoungGen      total 86016K, used 83008K [0x00000000eab00000, 0x00000000f0880000, 0x0000000100000000)
  eden space 77312K, 100% used [0x00000000eab00000,0x00000000ef680000,0x00000000ef680000)
  from space 8704K, 65% used [0x00000000f0000000,0x00000000f0590000,0x00000000f0880000)
  to   space 9216K, 0% used [0x00000000ef680000,0x00000000ef680000,0x00000000eff80000)
 ParOldGen       total 44032K, used 29307K [0x00000000c0000000, 0x00000000c2b00000, 0x00000000eab00000)
  object space 44032K, 66% used [0x00000000c0000000,0x00000000c1c9ece8,0x00000000c2b00000)
 Metaspace       used 17519K, capacity 17960K, committed 18304K, reserved 1064960K
  class space    used 2007K, capacity 2126K, committed 2176K, reserved 1048576K
Event: 10.430 GC heap after
Heap after GC invocations=13 (full 0):
 PSYoungGen      total 86528K, used 6733K [0x00000000eab00000, 0x00000000f3600000, 0x0000000100000000)
  eden space 77312K, 0% used [0x00000000eab00000,0x00000000eab00000,0x00000000ef680000)
  from space 9216K, 73% used [0x00000000ef680000,0x00000000efd13518,0x00000000eff80000)
  to   space 9216K, 0% used [0x00000000f2d00000,0x00000000f2d00000,0x00000000f3600000)
 ParOldGen       total 44032K, used 34446K [0x00000000c0000000, 0x00000000c2b00000, 0x00000000eab00000)
  object space 44032K, 78% used [0x00000000c0000000,0x00000000c21a3af0,0x00000000c2b00000)
 Metaspace       used 17519K, capacity 17960K, committed 18304K, reserved 1064960K
  class space    used 2007K, capacity 2126K, committed 2176K, reserved 1048576K
}

